2020-12-20 14:00:47 INFO:log:Empezamos la app...
2020-12-20 14:00:47 INFO:log:Leyendo el config...
2020-12-20 14:00:47 INFO:log:Config leido.
2020-12-20 14:00:47 INFO:log:Empezamos la app...
2020-12-20 14:00:47 INFO:log:Se han leido los datos
2020-12-20 14:00:47 INFO:log:Empezamos la transformaccion de los datos
2020-12-20 14:00:47 INFO:log:Se ha creado df completo
2020-12-20 14:00:47 INFO:log:Empezamos la limpieza  de los datos
2020-12-20 14:00:47 INFO:log:Los datos ya estan limpios
2020-12-20 14:00:47 INFO:log:Empezamos a generar el modelo
2020-12-20 14:00:47 INFO:log:El modelo se ha generado
2020-12-20 14:00:47 INFO:log:Empezamos a hacer la prediccion  pre
2020-12-20 14:00:47 INFO:log:Prediccion hecha
2020-12-20 14:00:47 INFO:log:Empezamos a generar Output
2020-12-20 14:00:47 INFO:log:Output hechos
2020-12-20 14:00:47 INFO:log:Fin de la ejecucion.
2020-12-20 14:21:30 INFO:log:Empezamos la app...
2020-12-20 14:21:30 INFO:log:Leyendo el config...
2020-12-20 14:21:30 INFO:log:Config leido.
2020-12-20 14:21:30 INFO:log:Empezamos la app...
2020-12-20 14:21:30 ERROR:log:Datos no encontrado en su ruta. Verifica el directorio de data y el config
2020-12-20 14:21:30 ERROR:log:La aplicacion ha petado...
2020-12-20 14:21:30 INFO:log:Fin de la ejecucion.
2020-12-20 14:22:17 INFO:log:Empezamos la app...
2020-12-20 14:22:17 INFO:log:Leyendo el config...
2020-12-20 14:22:17 INFO:log:Config leido.
2020-12-20 14:22:17 INFO:log:Empezamos la app...
2020-12-20 14:22:17 ERROR:log:Datos no encontrado en su ruta. Verifica el directorio de data y el config
2020-12-20 14:22:17 ERROR:log:La aplicacion ha petado...
2020-12-20 14:22:17 INFO:log:Fin de la ejecucion.
2020-12-20 14:24:13 INFO:log:Empezamos la app...
2020-12-20 14:24:13 INFO:log:Leyendo el config...
2020-12-20 14:24:13 INFO:log:Config leido.
2020-12-20 14:24:13 INFO:log:Empezamos la app...
2020-12-20 14:24:13 ERROR:log:Datos no encontrado en su ruta. Verifica el directorio de data y el config
2020-12-20 14:24:13 ERROR:log:La aplicacion ha petado...
2020-12-20 14:24:13 INFO:log:Fin de la ejecucion.
2020-12-20 14:24:34 INFO:log:Empezamos la app...
2020-12-20 14:24:34 INFO:log:Leyendo el config...
2020-12-20 14:24:34 INFO:log:Config leido.
2020-12-20 14:24:34 INFO:log:Empezamos la app...
2020-12-20 14:24:34 ERROR:log:Datos no encontrado en su ruta. Verifica el directorio de data y el config
2020-12-20 14:24:34 ERROR:log:La aplicacion ha petado...
2020-12-20 14:24:34 INFO:log:Fin de la ejecucion.
2020-12-20 14:25:45 INFO:log:Empezamos la app...
2020-12-20 14:25:45 INFO:log:Leyendo el config...
2020-12-20 14:25:45 INFO:log:Config leido.
2020-12-20 14:25:45 INFO:log:Empezamos la app...
2020-12-20 14:25:45 ERROR:log:Datos no encontrado en su ruta. Verifica el directorio de data y el config
2020-12-20 14:25:45 ERROR:log:La aplicacion ha petado...
2020-12-20 14:25:45 INFO:log:Fin de la ejecucion.
2020-12-20 14:25:51 INFO:log:Empezamos la app...
2020-12-20 14:25:51 INFO:log:Leyendo el config...
2020-12-20 14:25:51 INFO:log:Config leido.
2020-12-20 14:25:51 INFO:log:Empezamos la app...
2020-12-20 14:25:52 ERROR:log:Datos no encontrado en su ruta. Verifica el directorio de data y el config
2020-12-20 14:25:52 ERROR:log:La aplicacion ha petado...
2020-12-20 14:25:52 INFO:log:Fin de la ejecucion.
2020-12-20 14:27:23 INFO:log:Empezamos la app...
2020-12-20 14:27:23 INFO:log:Leyendo el config...
2020-12-20 14:27:23 INFO:log:Config leido.
2020-12-20 14:27:23 INFO:log:Empezamos la leer los datos
2020-12-20 14:27:23 ERROR:log:Datos no encontrado en su ruta. Verifica el directorio de data y el config
2020-12-20 14:27:23 ERROR:log:La aplicacion ha petado...
2020-12-20 14:27:23 INFO:log:Fin de la ejecucion.
2020-12-20 14:27:59 INFO:log:Empezamos la app...
2020-12-20 14:27:59 INFO:log:Leyendo el config...
2020-12-20 14:27:59 INFO:log:Config leido.
2020-12-20 14:27:59 INFO:log:Empezamos la leer los datos
2020-12-20 14:27:59 ERROR:log:Datos no encontrado en su ruta. Verifica el directorio de data y el config
2020-12-20 14:27:59 ERROR:log:La aplicacion ha petado...
2020-12-20 14:27:59 INFO:log:Fin de la ejecucion.
2020-12-20 14:29:27 INFO:log:Empezamos la app...
2020-12-20 14:29:27 INFO:log:Leyendo el config...
2020-12-20 14:29:27 INFO:log:Config leido.
2020-12-20 14:29:27 INFO:log:Empezamos la leer los datos
2020-12-20 14:29:27 ERROR:log:Datos no encontrado en su ruta. Verifica el directorio de data y el config
2020-12-20 14:29:27 ERROR:log:La aplicacion ha petado...
2020-12-20 14:29:27 INFO:log:Fin de la ejecucion.
2020-12-20 14:29:46 INFO:log:Empezamos la app...
2020-12-20 14:29:46 INFO:log:Leyendo el config...
2020-12-20 14:29:46 INFO:log:Config leido.
2020-12-20 14:29:46 INFO:log:Empezamos la leer los datos
2020-12-20 14:29:46 ERROR:log:Datos no encontrado en su ruta. Verifica el directorio de data y el config
2020-12-20 14:29:46 ERROR:log:La aplicacion ha petado...
2020-12-20 14:29:46 INFO:log:Fin de la ejecucion.
2020-12-20 14:32:34 INFO:log:Empezamos la app...
2020-12-20 14:32:34 INFO:log:Leyendo el config...
2020-12-20 14:32:34 INFO:log:Config leido.
2020-12-20 14:32:34 INFO:log:Empezamos la leer los datos
2020-12-20 14:32:34 ERROR:log:Datos no encontrado en su ruta. Verifica el directorio de data y el config
2020-12-20 14:32:34 ERROR:log:La aplicacion ha petado...
2020-12-20 14:32:34 INFO:log:Fin de la ejecucion.
2020-12-20 14:33:22 INFO:log:Empezamos la app...
2020-12-20 14:33:22 INFO:log:Leyendo el config...
2020-12-20 14:33:22 INFO:log:Config leido.
2020-12-20 14:33:22 INFO:log:Empezamos la leer los datos
2020-12-20 14:33:22 ERROR:log:Datos no encontrado en su ruta. Verifica el directorio de data y el config
2020-12-20 14:33:22 ERROR:log:La aplicacion ha petado...
2020-12-20 14:33:22 INFO:log:Fin de la ejecucion.
2020-12-20 14:34:35 INFO:log:Empezamos la app...
2020-12-20 14:34:35 INFO:log:Leyendo el config...
2020-12-20 14:34:35 INFO:log:Config leido.
2020-12-20 14:34:35 INFO:log:Empezamos la leer los datos
2020-12-20 14:34:35 ERROR:log:Datos no encontrado en su ruta. Verifica el directorio de data y el config
2020-12-20 14:34:35 ERROR:log:La aplicacion ha petado...
2020-12-20 14:34:35 INFO:log:Fin de la ejecucion.
2020-12-20 14:43:32 INFO:log:Empezamos la app...
2020-12-20 14:43:32 INFO:log:Leyendo el config...
2020-12-20 14:43:32 INFO:log:Config leido.
2020-12-20 14:43:32 INFO:log:Empezamos la leer los datos
2020-12-20 14:43:32 ERROR:log:Datos no encontrado en su ruta. Verifica el directorio de data y el config
2020-12-20 14:43:32 ERROR:log:La aplicacion ha petado...
2020-12-20 14:43:32 INFO:log:Fin de la ejecucion.
2020-12-20 14:49:17 INFO:log:Empezamos la app...
2020-12-20 14:49:17 INFO:log:Leyendo el config...
2020-12-20 14:49:17 INFO:log:Config leido.
2020-12-20 14:49:17 INFO:log:Empezamos la leer los datos
2020-12-20 14:49:17 ERROR:log:Datos no encontrado en su ruta. Verifica el directorio de data y el config
2020-12-20 14:49:17 ERROR:log:La aplicacion ha petado...
2020-12-20 14:49:21 INFO:log:Fin de la ejecucion.
2020-12-20 14:49:56 INFO:log:Empezamos la app...
2020-12-20 14:49:56 INFO:log:Leyendo el config...
2020-12-20 14:49:56 INFO:log:Config leido.
2020-12-20 14:49:56 INFO:log:Empezamos la leer los datos
2020-12-20 14:49:56 INFO:log:Se han leido los datos
2020-12-20 14:49:56 INFO:log:Empezamos la transformaccion de los datos
2020-12-20 14:49:56 INFO:log:Se ha creado df completo
2020-12-20 14:49:57 INFO:log:Empezamos la limpieza  de los datos
2020-12-20 14:49:57 INFO:log:Los datos ya estan limpios
2020-12-20 14:49:57 INFO:log:Empezamos a generar el modelo
2020-12-20 14:49:57 INFO:log:El modelo se ha generado
2020-12-20 14:49:57 INFO:log:Empezamos a hacer la prediccion  pre
2020-12-20 14:49:57 INFO:log:Prediccion hecha
2020-12-20 14:49:57 INFO:log:Empezamos a generar Output
2020-12-20 14:49:57 INFO:log:Output hechos
2020-12-20 14:49:57 INFO:log:Fin de la ejecucion.
2020-12-20 14:54:56 INFO:log:Empezamos la app...
2020-12-20 14:54:56 INFO:log:Leyendo el config...
2020-12-20 14:54:56 INFO:log:Config leido.
2020-12-20 14:54:56 INFO:log:Comprobando el config...
2020-12-20 14:54:56 INFO:log:Config comprobado, todo correcto.
2020-12-20 14:54:56 INFO:log:Empezamos la leer los datos...
2020-12-20 14:54:56 INFO:log:Se han leido los datos correctamente.
2020-12-20 14:54:56 INFO:log:Empezamos la transformaccion de los datos...
2020-12-20 14:54:56 INFO:log:Se ha creado dataframe correctamente.
2020-12-20 14:54:56 INFO:log:Empezamos la limpieza  de los datos..
2020-12-20 14:54:56 INFO:log:Los datos ya estan limpios.
2020-12-20 14:54:56 INFO:log:Empezamos a generar el modelo..
2020-12-20 14:54:56 INFO:log:El modelo se ha generado.
2020-12-20 14:54:56 INFO:log:Empezamos a hacer la prediccion..
2020-12-20 14:54:56 INFO:log:Prediccion hecha.
2020-12-20 14:54:56 INFO:log:Generandose Output...
2020-12-20 14:54:56 INFO:log:Output hechos.
2020-12-20 14:54:56 INFO:log:Fin de la ejecucion.
2020-12-20 16:54:33 INFO:log:Empezamos la app...
2020-12-20 16:54:33 INFO:log:Leyendo el config...
2020-12-20 16:54:33 INFO:log:Config leido.
2020-12-20 16:54:33 INFO:log:Comprobando el config...
2020-12-20 16:54:33 INFO:log:Config comprobado, todo correcto.
2020-12-20 16:54:33 INFO:log:Empezamos la leer los datos...
2020-12-20 16:54:33 INFO:log:Se han leido los datos correctamente.
2020-12-20 16:54:33 INFO:log:Empezamos la transformaccion de los datos...
2020-12-20 16:54:33 INFO:log:Se ha creado dataframe correctamente.
2020-12-20 16:54:33 INFO:log:Empezamos la limpieza  de los datos..
2020-12-20 16:54:33 INFO:log:Los datos ya estan limpios.
2020-12-20 16:54:33 INFO:log:Empezamos a generar el modelo..
2020-12-20 16:54:33 INFO:log:El modelo se ha generado.
2020-12-20 16:54:33 INFO:log:Empezamos a hacer la prediccion..
2020-12-20 16:54:33 INFO:log:Prediccion hecha.
2020-12-20 16:54:33 INFO:log:Generandose Output...
2020-12-20 16:54:33 INFO:log:Output hechos.
2020-12-20 16:54:33 INFO:log:Fin de la ejecucion.
2020-12-20 16:56:30 INFO:log:Empezamos la app...
2020-12-20 16:56:30 INFO:log:Leyendo el config...
2020-12-20 16:56:30 INFO:log:Config leido.
2020-12-20 16:56:30 INFO:log:Comprobando el config...
2020-12-20 16:56:30 INFO:log:Config comprobado, todo correcto.
2020-12-20 16:56:30 INFO:log:Empezamos la leer los datos...
2020-12-20 16:56:30 INFO:log:Se han leido los datos correctamente.
2020-12-20 16:56:30 INFO:log:Empezamos la transformaccion de los datos...
2020-12-20 16:56:30 INFO:log:Se ha creado dataframe correctamente.
2020-12-20 16:56:30 INFO:log:Empezamos la limpieza  de los datos..
2020-12-20 16:56:30 INFO:log:Los datos ya estan limpios.
2020-12-20 16:56:30 INFO:log:Empezamos a generar el modelo..
2020-12-20 16:56:30 INFO:log:El modelo se ha generado.
2020-12-20 16:56:30 INFO:log:Empezamos a hacer la prediccion..
2020-12-20 16:56:30 INFO:log:Prediccion hecha.
2020-12-20 16:56:30 INFO:log:Generandose Output...
2020-12-20 16:56:30 INFO:log:Output hechos.
2020-12-20 16:56:30 INFO:log:Fin de la ejecucion.
2020-12-20 17:04:11 INFO:log:Empezamos la app...
2020-12-20 17:04:11 INFO:log:Leyendo el config...
2020-12-20 17:04:12 INFO:log:Config leido.
2020-12-20 17:04:12 INFO:log:Comprobando el config...
2020-12-20 17:04:12 INFO:log:Config comprobado, todo correcto.
2020-12-20 17:04:12 INFO:log:Empezamos la leer los datos...
2020-12-20 17:04:12 INFO:log:Se han leido los datos correctamente.
2020-12-20 17:04:12 INFO:log:Empezamos la transformaccion de los datos...
2020-12-20 17:04:12 INFO:log:Se ha creado dataframe correctamente.
2020-12-20 17:04:12 INFO:log:Empezamos la limpieza  de los datos..
2020-12-20 17:04:12 INFO:log:Los datos ya estan limpios.
2020-12-20 17:04:12 INFO:log:Empezamos a generar el modelo..
2020-12-20 17:04:12 INFO:log:El modelo se ha generado.
2020-12-20 17:04:12 INFO:log:Empezamos a hacer la prediccion..
2020-12-20 17:04:12 INFO:log:Prediccion hecha.
2020-12-20 17:04:12 INFO:log:Generandose Output...
2020-12-20 17:04:12 INFO:log:Output hechos.
2020-12-20 17:04:12 INFO:log:Fin de la ejecucion.
2020-12-20 17:32:38 INFO:log:Empezamos la app...
2020-12-20 17:32:38 INFO:log:Leyendo el config...
2020-12-20 17:32:38 INFO:log:Config leido.
2020-12-20 17:32:38 INFO:log:Comprobando el config...
2020-12-20 17:32:38 ERROR:log:Los nodos: nodoInput estan mal estructurados!
2020-12-20 17:32:38 ERROR:log:La aplicacion ha petado...
2020-12-20 17:32:38 INFO:log:Fin de la ejecucion.
2020-12-20 17:32:49 INFO:log:Empezamos la app...
2020-12-20 17:32:49 INFO:log:Leyendo el config...
2020-12-20 17:32:49 INFO:log:Config leido.
2020-12-20 17:32:49 INFO:log:Comprobando el config...
2020-12-20 17:32:49 ERROR:log:Los nodos: nodoInput estan mal estructurados!
2020-12-20 17:32:49 ERROR:log:La aplicacion ha petado...
2020-12-20 17:32:49 INFO:log:Fin de la ejecucion.
2020-12-20 17:33:21 INFO:log:Empezamos la app...
2020-12-20 17:33:21 INFO:log:Leyendo el config...
2020-12-20 17:33:21 INFO:log:Config leido.
2020-12-20 17:33:21 INFO:log:Comprobando el config...
2020-12-20 17:33:21 INFO:log:Config comprobado, todo correcto.
2020-12-20 17:33:21 INFO:log:Empezamos la leer los datos...
2020-12-20 17:33:21 INFO:log:Se han leido los datos correctamente.
2020-12-20 17:33:21 INFO:log:Empezamos la transformaccion de los datos...
2020-12-20 17:33:21 INFO:log:Se ha creado dataframe correctamente.
2020-12-20 17:33:21 INFO:log:Empezamos la limpieza  de los datos..
2020-12-20 17:33:21 INFO:log:Los datos ya estan limpios.
2020-12-20 17:33:21 INFO:log:Empezamos a generar el modelo..
2020-12-20 17:33:21 INFO:log:El modelo se ha generado.
2020-12-20 17:33:21 INFO:log:Empezamos a hacer la prediccion..
2020-12-20 17:33:21 INFO:log:Prediccion hecha.
2020-12-20 17:33:21 INFO:log:Generandose Output...
2020-12-20 17:33:21 INFO:log:Output hechos.
2020-12-20 17:33:21 INFO:log:Fin de la ejecucion.
2020-12-20 17:33:44 INFO:log:Empezamos la app...
2020-12-20 17:33:44 INFO:log:Leyendo el config...
2020-12-20 17:33:44 INFO:log:Config leido.
2020-12-20 17:33:45 INFO:log:Comprobando el config...
2020-12-20 17:33:45 INFO:log:Config comprobado, todo correcto.
2020-12-20 17:33:45 INFO:log:Empezamos la leer los datos...
2020-12-20 17:33:45 ERROR:log:Datos no encontrado en su ruta. Verifica el directorio de data y el config
2020-12-20 17:33:45 ERROR:log:La aplicacion ha petado...
2020-12-20 17:33:45 INFO:log:Fin de la ejecucion.
2020-12-20 17:34:03 INFO:log:Empezamos la app...
2020-12-20 17:34:03 INFO:log:Leyendo el config...
2020-12-20 17:34:03 INFO:log:Config leido.
2020-12-20 17:34:03 INFO:log:Comprobando el config...
2020-12-20 17:34:03 INFO:log:Config comprobado, todo correcto.
2020-12-20 17:34:03 INFO:log:Empezamos la leer los datos...
2020-12-20 17:34:03 ERROR:log:Datos no encontrado en su ruta. Verifica el directorio de data y el config
2020-12-20 17:34:03 ERROR:log:La aplicacion ha petado...
2020-12-20 17:34:03 INFO:log:Fin de la ejecucion.
2020-12-20 17:34:18 INFO:log:Empezamos la app...
2020-12-20 17:34:18 INFO:log:Leyendo el config...
2020-12-20 17:34:18 INFO:log:Config leido.
2020-12-20 17:34:18 INFO:log:Comprobando el config...
2020-12-20 17:34:18 INFO:log:Config comprobado, todo correcto.
2020-12-20 17:34:18 INFO:log:Empezamos la leer los datos...
2020-12-20 17:34:18 INFO:log:Se han leido los datos correctamente.
2020-12-20 17:34:18 INFO:log:Empezamos la transformaccion de los datos...
2020-12-20 17:34:18 INFO:log:Se ha creado dataframe correctamente.
2020-12-20 17:34:18 INFO:log:Empezamos la limpieza  de los datos..
2020-12-20 17:34:18 INFO:log:Los datos ya estan limpios.
2020-12-20 17:34:18 INFO:log:Empezamos a generar el modelo..
2020-12-20 17:34:18 INFO:log:El modelo se ha generado.
2020-12-20 17:34:18 INFO:log:Empezamos a hacer la prediccion..
2020-12-20 17:34:18 INFO:log:Prediccion hecha.
2020-12-20 17:34:18 INFO:log:Generandose Output...
2020-12-20 17:34:18 INFO:log:Output hechos.
2020-12-20 17:34:18 INFO:log:Fin de la ejecucion.
2020-12-20 18:07:51 INFO:log:Empezamos la app...
2020-12-20 18:07:51 INFO:log:Leyendo el config...
2020-12-20 18:07:51 INFO:log:Config leido.
2020-12-20 18:07:51 INFO:log:Comprobando el config...
2020-12-20 18:07:51 INFO:log:Config comprobado, todo correcto.
2020-12-20 18:07:51 INFO:log:Empezamos la leer los datos...
2020-12-20 18:07:51 INFO:log:Se han leido los datos correctamente.
2020-12-20 18:07:51 INFO:log:Empezamos la transformaccion de los datos...
2020-12-20 18:07:51 INFO:log:Se ha creado dataframe correctamente.
2020-12-20 18:07:51 INFO:log:Empezamos la limpieza  de los datos..
2020-12-20 18:07:51 INFO:log:Los datos ya estan limpios.
2020-12-20 18:07:51 INFO:log:Empezamos a generar el modelo..
2020-12-20 18:07:51 INFO:log:El modelo se ha generado.
2020-12-20 18:07:51 INFO:log:Empezamos a hacer la prediccion..
2020-12-20 18:07:51 INFO:log:Prediccion hecha.
2020-12-20 18:07:51 INFO:log:Generandose Output...
2020-12-20 18:07:51 INFO:log:Output hechos.
2020-12-20 18:07:51 INFO:log:Fin de la ejecucion.
2020-12-20 18:07:59 INFO:log:Empezamos la app...
2020-12-20 18:07:59 INFO:log:Leyendo el config...
2020-12-20 18:07:59 INFO:log:Config leido.
2020-12-20 18:07:59 INFO:log:Comprobando el config...
2020-12-20 18:07:59 INFO:log:Config comprobado, todo correcto.
2020-12-20 18:07:59 INFO:log:Empezamos la leer los datos...
2020-12-20 18:07:59 INFO:log:Se han leido los datos correctamente.
2020-12-20 18:07:59 INFO:log:Empezamos la transformaccion de los datos...
2020-12-20 18:07:59 INFO:log:Se ha creado dataframe correctamente.
2020-12-20 18:07:59 INFO:log:Empezamos la limpieza  de los datos..
2020-12-20 18:07:59 INFO:log:Los datos ya estan limpios.
2020-12-20 18:07:59 INFO:log:Empezamos a generar el modelo..
2020-12-20 18:07:59 INFO:log:El modelo se ha generado.
2020-12-20 18:07:59 INFO:log:Empezamos a hacer la prediccion..
2020-12-20 18:07:59 INFO:log:Prediccion hecha.
2020-12-20 18:07:59 INFO:log:Generandose Output...
2020-12-20 18:07:59 INFO:log:Output hechos.
2020-12-20 18:07:59 INFO:log:Fin de la ejecucion.
2020-12-20 18:09:31 INFO:log:Empezamos la app...
2020-12-20 18:09:31 INFO:log:Leyendo el config...
2020-12-20 18:09:31 INFO:log:Config leido.
2020-12-20 18:09:32 INFO:log:Comprobando el config...
2020-12-20 18:09:32 INFO:log:Config comprobado, todo correcto.
2020-12-20 18:09:32 INFO:log:Empezamos la leer los datos...
2020-12-20 18:09:32 INFO:log:Se han leido los datos correctamente.
2020-12-20 18:09:32 INFO:log:Empezamos la transformaccion de los datos...
2020-12-20 18:09:32 INFO:log:Se ha creado dataframe correctamente.
2020-12-20 18:09:32 INFO:log:Empezamos la limpieza  de los datos..
2020-12-20 18:09:32 INFO:log:Los datos ya estan limpios.
2020-12-20 18:09:32 INFO:log:Empezamos a generar el modelo..
2020-12-20 18:09:32 INFO:log:El modelo se ha generado.
2020-12-20 18:09:32 INFO:log:Empezamos a hacer la prediccion..
2020-12-20 18:09:32 INFO:log:Prediccion hecha.
2020-12-20 18:09:32 INFO:log:Generandose Output...
2020-12-20 18:09:32 INFO:log:Output hechos.
2020-12-20 18:09:32 INFO:log:Fin de la ejecucion.
2020-12-20 18:10:31 INFO:log:Empezamos la app...
2020-12-20 18:10:31 INFO:log:Leyendo el config...
2020-12-20 18:10:31 INFO:log:Config leido.
2020-12-20 18:10:31 INFO:log:Comprobando el config...
2020-12-20 18:10:31 INFO:log:Config comprobado, todo correcto.
2020-12-20 18:10:31 INFO:log:Empezamos la leer los datos...
2020-12-20 18:10:31 INFO:log:Se han leido los datos correctamente.
2020-12-20 18:10:31 INFO:log:Empezamos la transformaccion de los datos...
2020-12-20 18:10:31 INFO:log:Se ha creado dataframe correctamente.
2020-12-20 18:10:31 INFO:log:Empezamos la limpieza  de los datos..
2020-12-20 18:10:31 INFO:log:Los datos ya estan limpios.
2020-12-20 18:10:31 INFO:log:Empezamos a generar el modelo..
2020-12-20 18:10:31 INFO:log:El modelo se ha generado.
2020-12-20 18:10:31 INFO:log:Empezamos a hacer la prediccion..
2020-12-20 18:10:31 INFO:log:Prediccion hecha.
2020-12-20 18:10:31 INFO:log:Generandose Output...
2020-12-20 18:10:31 INFO:log:Output hechos.
2020-12-20 18:10:31 INFO:log:Fin de la ejecucion.
2020-12-20 21:49:38 INFO:log:Empezamos la app...
2020-12-20 21:49:38 INFO:log:Leyendo el config...
2020-12-20 21:49:38 ERROR:log:La aplicacion ha petado...
2020-12-20 21:49:38 INFO:log:Fin de la ejecucion.
2020-12-20 21:50:31 INFO:log:Empezamos la app...
2020-12-20 21:50:31 INFO:log:Leyendo el config...
2020-12-20 21:50:31 INFO:log:Config leido.
2020-12-20 21:50:31 INFO:log:Comprobando el config...
2020-12-20 21:50:31 INFO:log:Config comprobado, todo correcto.
2020-12-20 21:50:31 INFO:log:Empezamos la leer los datos...
2020-12-20 21:50:31 INFO:log:Se han leido los datos correctamente.
2020-12-20 21:50:31 INFO:log:Empezamos la transformaccion de los datos...
2020-12-20 21:50:31 INFO:log:Se ha creado dataframe correctamente.
2020-12-20 21:50:31 INFO:log:Empezamos la limpieza  de los datos..
2020-12-20 21:50:31 INFO:log:Los datos ya estan limpios.
2020-12-20 21:50:31 INFO:log:Empezamos a generar el modelo..
2020-12-20 21:50:31 INFO:log:El modelo se ha generado.
2020-12-20 21:50:31 INFO:log:Empezamos a hacer la prediccion..
2020-12-20 21:50:31 INFO:log:Prediccion hecha.
2020-12-20 21:50:31 INFO:log:Generandose Output...
2020-12-20 21:50:31 INFO:log:Output hechos.
2020-12-20 21:50:31 INFO:log:Fin de la ejecucion.
